<?xml version="1.0" encoding="UTF-8"?>
<!-- Generated by org.testng.reporters.JUnitReportReporter -->
<testsuite skipped="0" hostname="DESKTOP-7JC07T0" name="com.qa.api.get.GETBDDAPPROACHAPI" tests="1" failures="0" timestamp="10 Sep 2020 11:22:37 GMT" time="3.566" errors="0">
  <testcase name="getSpaceX_BDD_Approach_Test" time="3.566" classname="com.qa.api.get.GETBDDAPPROACHAPI"/>
</testsuite> <!-- com.qa.api.get.GETBDDAPPROACHAPI -->
