<?xml version="1.0" encoding="UTF-8"?>
<!-- Generated by org.testng.reporters.JUnitReportReporter -->
<testsuite skipped="0" hostname="DESKTOP-7JC07T0" name="com.qa.api.get.GETNonBDDAPI" tests="1" failures="0" timestamp="10 Sep 2020 11:16:25 GMT" time="3.451" errors="0">
  <testcase name="getSpaceX_Non_BDD_Test" time="3.451" classname="com.qa.api.get.GETNonBDDAPI"/>
</testsuite> <!-- com.qa.api.get.GETNonBDDAPI -->
